<?xml version="1.0" encoding="UTF-8"?>
<!-- Generated by org.testng.reporters.JUnitXMLReporter -->
<testsuite ignored="3" hostname="DESKTOP-8U4S44M" failures="0" tests="1" name="Default test" time="0.076" errors="0" timestamp="2023-11-13T09:51:46 IST">
  <testcase classname="SeleniumScripts.Booking" name="Code" time="0.013"/>
  <testcase classname="SeleniumScripts.Booking" name="booking" time="0.0">
    <ignored/>
  </testcase> <!-- booking -->
  <testcase classname="SeleniumScripts.Booking" name="check" time="0.0">
    <ignored/>
  </testcase> <!-- check -->
  <testcase classname="SeleniumScripts.Booking" name="main" time="0.0">
    <ignored/>
  </testcase> <!-- main -->
</testsuite> <!-- Default test -->
