<?xml version="1.0" encoding="UTF-8"?>
<!-- Generated by org.testng.reporters.JUnitXMLReporter -->
<testsuite ignored="4" hostname="DESKTOP-8U4S44M" failures="0" tests="2" name="Default test" time="7.298" errors="0" timestamp="2023-11-16T16:14:06 IST">
  <testcase classname="apiTests.PetTest" name="updatePet" time="5.1"/>
  <testcase classname="apiTests.PetTest" name="uplioadImg" time="2.113"/>
  <testcase classname="apiTests.PetTest" name="deletePetDetails" time="0.0">
    <ignored/>
  </testcase> <!-- deletePetDetails -->
  <testcase classname="apiTests.PetTest" name="createPet" time="0.0">
    <ignored/>
  </testcase> <!-- createPet -->
  <testcase classname="apiTests.PetTest" name="readingAfterUpdating" time="0.0">
    <ignored/>
  </testcase> <!-- readingAfterUpdating -->
  <testcase classname="apiTests.PetTest" name="readPetDetails" time="0.0">
    <ignored/>
  </testcase> <!-- readPetDetails -->
</testsuite> <!-- Default test -->
