<?xml version="1.0" encoding="UTF-8"?>
<testng-results ignored="4" total="6" passed="2" failed="0" skipped="0">
  <reporter-output>
  </reporter-output>
  <suite started-at="2023-11-16T16:13:59 IST" name="Default suite" finished-at="2023-11-16T16:14:06 IST" duration-ms="7298">
    <groups>
    </groups>
    <test started-at="2023-11-16T16:13:59 IST" name="Default test" finished-at="2023-11-16T16:14:06 IST" duration-ms="7298">
      <class name="apiTests.PetTest">
        <test-method signature="updatePet()[pri:3, instance:apiTests.PetTest@663c9e7a]" started-at="2023-11-16T16:13:59 IST" name="updatePet" finished-at="2023-11-16T16:14:04 IST" duration-ms="5100" status="PASS">
          <reporter-output>
          </reporter-output>
        </test-method> <!-- updatePet -->
        <test-method signature="uplioadImg()[pri:5, instance:apiTests.PetTest@663c9e7a]" started-at="2023-11-16T16:14:04 IST" name="uplioadImg" finished-at="2023-11-16T16:14:06 IST" depends-on-methods="apiTests.PetTest.updatePet" duration-ms="2113" status="PASS">
          <reporter-output>
          </reporter-output>
        </test-method> <!-- uplioadImg -->
      </class> <!-- apiTests.PetTest -->
    </test> <!-- Default test -->
  </suite> <!-- Default suite -->
</testng-results>
