<?xml version="1.0" encoding="UTF-8"?>
<testng-results ignored="3" total="4" passed="1" failed="0" skipped="0">
  <reporter-output>
  </reporter-output>
  <suite started-at="2023-11-13T09:51:46 IST" name="Default suite" finished-at="2023-11-13T09:51:46 IST" duration-ms="76">
    <groups>
    </groups>
    <test started-at="2023-11-13T09:51:46 IST" name="Default test" finished-at="2023-11-13T09:51:46 IST" duration-ms="76">
      <class name="SeleniumScripts.Booking">
        <test-method signature="Code()[pri:0, instance:SeleniumScripts.Booking@53045c6c]" started-at="2023-11-13T09:51:46 IST" name="Code" finished-at="2023-11-13T09:51:46 IST" duration-ms="13" status="PASS">
          <reporter-output>
          </reporter-output>
        </test-method> <!-- Code -->
      </class> <!-- SeleniumScripts.Booking -->
    </test> <!-- Default test -->
  </suite> <!-- Default suite -->
</testng-results>
